# JRE version: OpenJDK Runtime Environment Temurin-21.0.10+7 (21.0.10+7) (build 21.0.10+7-LTS)
# Java VM: OpenJDK 64-Bit Server VM Temurin-21.0.10+7 (21.0.10+7-LTS, mixed mode, sharing, tiered, compressed oops, compressed class ptrs, parallel gc, windows-amd64)
GC Precious Log:
 CardTable entry size: 512
 CPUs: 8 total, 8 available
 Memory: 3885M
 Large Page Support: Disabled
 NUMA Support: Disabled
 Compressed Oops: Enabled (32-bit)
 Alignments: Space 512K, Generation 512K, Heap 2M
 Heap Min Capacity: 100M
 Heap Initial Capacity: 100M
 Heap Max Capacity: 2G
 Pre-touch: Disabled
 Parallel Workers: 8
Heap:
 PSYoungGen      total 6144K, used 976K [0x00000000d5580000, 0x00000000d5c80000, 0x0000000100000000)
  eden space 5632K, 13% used [0x00000000d5580000,0x00000000d563c310,0x00000000d5b00000)
  from space 512K, 43% used [0x00000000d5b80000,0x00000000d5bb8000,0x00000000d5c00000)
  to   space 512K, 0% used [0x00000000d5c00000,0x00000000d5c00000,0x00000000d5c80000)
 ParOldGen       total 860672K, used 860289K [0x0000000080000000, 0x00000000b4880000, 0x00000000d5580000)
  object space 860672K, 99% used [0x0000000080000000,0x00000000b4820760,0x00000000b4880000)
 Metaspace       used 78212K, committed 79936K, reserved 1179648K
  class space    used 8309K, committed 9088K, reserved 1048576K
GC Heap History (20 events):
Event: 220.290 GC heap before
{Heap before GC invocations=1409 (full 3):
 PSYoungGen      total 6144K, used 6074K [0x00000000d5580000, 0x00000000d5c80000, 0x0000000100000000)
  eden space 5632K, 100% used [0x00000000d5580000,0x00000000d5b00000,0x00000000d5b00000)
  from space 512K, 86% used [0x00000000d5b80000,0x00000000d5bee900,0x00000000d5c00000)
  to   space 512K, 0% used [0x00000000d5c00000,0x00000000d5c00000,0x00000000d5c80000)
 ParOldGen       total 859136K, used 859096K [0x0000000080000000, 0x00000000b4700000, 0x00000000d5580000)
  object space 859136K, 99% used [0x0000000080000000,0x00000000b46f6360,0x00000000b4700000)
 Metaspace       used 78080K, committed 79744K, reserved 1179648K
  class space    used 8295K, committed 9024K, reserved 1048576K
}
Event: 220.293 GC heap after
{Heap after GC invocations=1409 (full 3):
 PSYoungGen      total 6144K, used 160K [0x00000000d5580000, 0x00000000d5c80000, 0x0000000100000000)
  eden space 5632K, 0% used [0x00000000d5580000,0x00000000d5580000,0x00000000d5b00000)
  from space 512K, 31% used [0x00000000d5c00000,0x00000000d5c28000,0x00000000d5c80000)
  to   space 512K, 0% used [0x00000000d5b80000,0x00000000d5b80000,0x00000000d5c00000)
 ParOldGen       total 859136K, used 859120K [0x0000000080000000, 0x00000000b4700000, 0x00000000d5580000)
  object space 859136K, 99% used [0x0000000080000000,0x00000000b46fc360,0x00000000b4700000)
 Metaspace       used 78080K, committed 79744K, reserved 1179648K
  class space    used 8295K, committed 9024K, reserved 1048576K
}
Event: 220.316 GC heap before
{Heap before GC invocations=1410 (full 3):
 PSYoungGen      total 6144K, used 5792K [0x00000000d5580000, 0x00000000d5c80000, 0x0000000100000000)
  eden space 5632K, 100% used [0x00000000d5580000,0x00000000d5b00000,0x00000000d5b00000)
  from space 512K, 31% used [0x00000000d5c00000,0x00000000d5c28000,0x00000000d5c80000)
  to   space 512K, 0% used [0x00000000d5b80000,0x00000000d5b80000,0x00000000d5c00000)
 ParOldGen       total 859136K, used 859120K [0x0000000080000000, 0x00000000b4700000, 0x00000000d5580000)
  object space 859136K, 99% used [0x0000000080000000,0x00000000b46fc360,0x00000000b4700000)
 Metaspace       used 78082K, committed 79808K, reserved 1179648K
  class space    used 8295K, committed 9024K, reserved 1048576K
}
Event: 220.320 GC heap after
{Heap after GC invocations=1410 (full 3):
 PSYoungGen      total 6144K, used 410K [0x00000000d5580000, 0x00000000d5c80000, 0x0000000100000000)
  eden space 5632K, 0% used [0x00000000d5580000,0x00000000d5580000,0x00000000d5b00000)
  from space 512K, 80% used [0x00000000d5b80000,0x00000000d5be6900,0x00000000d5c00000)
  to   space 512K, 0% used [0x00000000d5c00000,0x00000000d5c00000,0x00000000d5c80000)
 ParOldGen       total 859648K, used 859144K [0x0000000080000000, 0x00000000b4780000, 0x00000000d5580000)
  object space 859648K, 99% used [0x0000000080000000,0x00000000b4702360,0x00000000b4780000)
 Metaspace       used 78082K, committed 79808K, reserved 1179648K
  class space    used 8295K, committed 9024K, reserved 1048576K
}
Event: 220.348 GC heap before
{Heap before GC invocations=1411 (full 3):
 PSYoungGen      total 6144K, used 6042K [0x00000000d5580000, 0x00000000d5c80000, 0x0000000100000000)
  eden space 5632K, 100% used [0x00000000d5580000,0x00000000d5b00000,0x00000000d5b00000)
  from space 512K, 80% used [0x00000000d5b80000,0x00000000d5be6900,0x00000000d5c00000)
  to   space 512K, 0% used [0x00000000d5c00000,0x00000000d5c00000,0x00000000d5c80000)
 ParOldGen       total 859648K, used 859144K [0x0000000080000000, 0x00000000b4780000, 0x00000000d5580000)
  object space 859648K, 99% used [0x0000000080000000,0x00000000b4702360,0x00000000b4780000)
 Metaspace       used 78083K, committed 79808K, reserved 1179648K
  class space    used 8295K, committed 9024K, reserved 1048576K
}
Event: 220.352 GC heap after
{Heap after GC invocations=1411 (full 3):
 PSYoungGen      total 6144K, used 506K [0x00000000d5580000, 0x00000000d5d00000, 0x0000000100000000)
  eden space 5632K, 0% used [0x00000000d5580000,0x00000000d5580000,0x00000000d5b00000)
  from space 512K, 98% used [0x00000000d5c00000,0x00000000d5c7e900,0x00000000d5c80000)
  to   space 1024K, 0% used [0x00000000d5b00000,0x00000000d5b00000,0x00000000d5c00000)
 ParOldGen       total 859648K, used 859152K [0x0000000080000000, 0x00000000b4780000, 0x00000000d5580000)
  object space 859648K, 99% used [0x0000000080000000,0x00000000b4704360,0x00000000b4780000)
 Metaspace       used 78083K, committed 79808K, reserved 1179648K
  class space    used 8295K, committed 9024K, reserved 1048576K
}
Event: 220.387 GC heap before
{Heap before GC invocations=1412 (full 3):
 PSYoungGen      total 6144K, used 4878K [0x00000000d5580000, 0x00000000d5d00000, 0x0000000100000000)
  eden space 5632K, 77% used [0x00000000d5580000,0x00000000d59c4fe0,0x00000000d5b00000)
  from space 512K, 98% used [0x00000000d5c00000,0x00000000d5c7e900,0x00000000d5c80000)
  to   space 1024K, 0% used [0x00000000d5b00000,0x00000000d5b00000,0x00000000d5c00000)
 ParOldGen       total 859648K, used 859152K [0x0000000080000000, 0x00000000b4780000, 0x00000000d5580000)
  object space 859648K, 99% used [0x0000000080000000,0x00000000b4704360,0x00000000b4780000)
 Metaspace       used 78091K, committed 79808K, reserved 1179648K
  class space    used 8295K, committed 9024K, reserved 1048576K
}
Event: 220.391 GC heap after
{Heap after GC invocations=1412 (full 3):
 PSYoungGen      total 6656K, used 282K [0x00000000d5580000, 0x00000000d5c80000, 0x0000000100000000)
  eden space 5632K, 0% used [0x00000000d5580000,0x00000000d5580000,0x00000000d5b00000)
  from space 1024K, 27% used [0x00000000d5b00000,0x00000000d5b46900,0x00000000d5c00000)
  to   space 512K, 0% used [0x00000000d5c00000,0x00000000d5c00000,0x00000000d5c80000)
 ParOldGen       total 859648K, used 859573K [0x0000000080000000, 0x00000000b4780000, 0x00000000d5580000)
  object space 859648K, 99% used [0x0000000080000000,0x00000000b476d560,0x00000000b4780000)
 Metaspace       used 78091K, committed 79808K, reserved 1179648K
  class space    used 8295K, committed 9024K, reserved 1048576K
}
Event: 220.468 GC heap before
{Heap before GC invocations=1413 (full 3):
 PSYoungGen      total 6656K, used 5500K [0x00000000d5580000, 0x00000000d5c80000, 0x0000000100000000)
  eden space 5632K, 92% used [0x00000000d5580000,0x00000000d5a98a60,0x00000000d5b00000)
  from space 1024K, 27% used [0x00000000d5b00000,0x00000000d5b46900,0x00000000d5c00000)
  to   space 512K, 0% used [0x00000000d5c00000,0x00000000d5c00000,0x00000000d5c80000)
 ParOldGen       total 859648K, used 859573K [0x0000000080000000, 0x00000000b4780000, 0x00000000d5580000)
  object space 859648K, 99% used [0x0000000080000000,0x00000000b476d560,0x00000000b4780000)
 Metaspace       used 78125K, committed 79808K, reserved 1179648K
  class space    used 8298K, committed 9024K, reserved 1048576K
}
Event: 220.477 GC heap after
{Heap after GC invocations=1413 (full 3):
 PSYoungGen      total 6144K, used 282K [0x00000000d5580000, 0x00000000d5c80000, 0x0000000100000000)
  eden space 5632K, 0% used [0x00000000d5580000,0x00000000d5580000,0x00000000d5b00000)
  from space 512K, 55% used [0x00000000d5c00000,0x00000000d5c46900,0x00000000d5c80000)
  to   space 512K, 0% used [0x00000000d5b80000,0x00000000d5b80000,0x00000000d5c00000)
 ParOldGen       total 859648K, used 859645K [0x0000000080000000, 0x00000000b4780000, 0x00000000d5580000)
  object space 859648K, 99% used [0x0000000080000000,0x00000000b477f560,0x00000000b4780000)
 Metaspace       used 78125K, committed 79808K, reserved 1179648K
  class space    used 8298K, committed 9024K, reserved 1048576K
}
Event: 220.499 GC heap before
{Heap before GC invocations=1414 (full 3):
 PSYoungGen      total 6144K, used 5914K [0x00000000d5580000, 0x00000000d5c80000, 0x0000000100000000)
  eden space 5632K, 100% used [0x00000000d5580000,0x00000000d5b00000,0x00000000d5b00000)
  from space 512K, 55% used [0x00000000d5c00000,0x00000000d5c46900,0x00000000d5c80000)
  to   space 512K, 0% used [0x00000000d5b80000,0x00000000d5b80000,0x00000000d5c00000)
 ParOldGen       total 859648K, used 859645K [0x0000000080000000, 0x00000000b4780000, 0x00000000d5580000)
  object space 859648K, 99% used [0x0000000080000000,0x00000000b477f560,0x00000000b4780000)
 Metaspace       used 78131K, committed 79808K, reserved 1179648K
  class space    used 8298K, committed 9024K, reserved 1048576K
}
Event: 220.503 GC heap after
{Heap after GC invocations=1414 (full 3):
 PSYoungGen      total 6144K, used 224K [0x00000000d5580000, 0x00000000d5c80000, 0x0000000100000000)
  eden space 5632K, 0% used [0x00000000d5580000,0x00000000d5580000,0x00000000d5b00000)
  from space 512K, 43% used [0x00000000d5b80000,0x00000000d5bb8000,0x00000000d5c00000)
  to   space 512K, 0% used [0x00000000d5c00000,0x00000000d5c00000,0x00000000d5c80000)
 ParOldGen       total 860160K, used 859753K [0x0000000080000000, 0x00000000b4800000, 0x00000000d5580000)
  object space 860160K, 99% used [0x0000000080000000,0x00000000b479a760,0x00000000b4800000)
 Metaspace       used 78131K, committed 79808K, reserved 1179648K
  class space    used 8298K, committed 9024K, reserved 1048576K
}
Event: 220.537 GC heap before
{Heap before GC invocations=1415 (full 3):
 PSYoungGen      total 6144K, used 4825K [0x00000000d5580000, 0x00000000d5c80000, 0x0000000100000000)
  eden space 5632K, 81% used [0x00000000d5580000,0x00000000d59fe4c8,0x00000000d5b00000)
  from space 512K, 43% used [0x00000000d5b80000,0x00000000d5bb8000,0x00000000d5c00000)
  to   space 512K, 0% used [0x00000000d5c00000,0x00000000d5c00000,0x00000000d5c80000)
 ParOldGen       total 860160K, used 859753K [0x0000000080000000, 0x00000000b4800000, 0x00000000d5580000)
  object space 860160K, 99% used [0x0000000080000000,0x00000000b479a760,0x00000000b4800000)
 Metaspace       used 78132K, committed 79808K, reserved 1179648K
  class space    used 8298K, committed 9024K, reserved 1048576K
}
Event: 220.541 GC heap after
{Heap after GC invocations=1415 (full 3):
 PSYoungGen      total 6144K, used 512K [0x00000000d5580000, 0x00000000d5d00000, 0x0000000100000000)
  eden space 5632K, 0% used [0x00000000d5580000,0x00000000d5580000,0x00000000d5b00000)
  from space 512K, 100% used [0x00000000d5c00000,0x00000000d5c80000,0x00000000d5c80000)
  to   space 1024K, 0% used [0x00000000d5b00000,0x00000000d5b00000,0x00000000d5c00000)
 ParOldGen       total 860160K, used 859817K [0x0000000080000000, 0x00000000b4800000, 0x00000000d5580000)
  object space 860160K, 99% used [0x0000000080000000,0x00000000b47aa760,0x00000000b4800000)
 Metaspace       used 78132K, committed 79808K, reserved 1179648K
  class space    used 8298K, committed 9024K, reserved 1048576K
}
Event: 220.695 GC heap before
{Heap before GC invocations=1416 (full 3):
 PSYoungGen      total 6144K, used 6144K [0x00000000d5580000, 0x00000000d5d00000, 0x0000000100000000)
  eden space 5632K, 100% used [0x00000000d5580000,0x00000000d5b00000,0x00000000d5b00000)
  from space 512K, 100% used [0x00000000d5c00000,0x00000000d5c80000,0x00000000d5c80000)
  to   space 1024K, 0% used [0x00000000d5b00000,0x00000000d5b00000,0x00000000d5c00000)
 ParOldGen       total 860160K, used 859817K [0x0000000080000000, 0x00000000b4800000, 0x00000000d5580000)
  object space 860160K, 99% used [0x0000000080000000,0x00000000b47aa760,0x00000000b4800000)
 Metaspace       used 78132K, committed 79808K, reserved 1179648K
  class space    used 8298K, committed 9024K, reserved 1048576K
}
Event: 220.698 GC heap after
{Heap after GC invocations=1416 (full 3):
 PSYoungGen      total 6656K, used 346K [0x00000000d5580000, 0x00000000d5c80000, 0x0000000100000000)
  eden space 5632K, 0% used [0x00000000d5580000,0x00000000d5580000,0x00000000d5b00000)
  from space 1024K, 33% used [0x00000000d5b00000,0x00000000d5b56900,0x00000000d5c00000)
  to   space 512K, 0% used [0x00000000d5c00000,0x00000000d5c00000,0x00000000d5c80000)
 ParOldGen       total 860672K, used 860209K [0x0000000080000000, 0x00000000b4880000, 0x00000000d5580000)
  object space 860672K, 99% used [0x0000000080000000,0x00000000b480c760,0x00000000b4880000)
 Metaspace       used 78132K, committed 79808K, reserved 1179648K
  class space    used 8298K, committed 9024K, reserved 1048576K
}
Event: 220.786 GC heap before
{Heap before GC invocations=1417 (full 3):
 PSYoungGen      total 6656K, used 5978K [0x00000000d5580000, 0x00000000d5c80000, 0x0000000100000000)
  eden space 5632K, 100% used [0x00000000d5580000,0x00000000d5b00000,0x00000000d5b00000)
  from space 1024K, 33% used [0x00000000d5b00000,0x00000000d5b56900,0x00000000d5c00000)
  to   space 512K, 0% used [0x00000000d5c00000,0x00000000d5c00000,0x00000000d5c80000)
 ParOldGen       total 860672K, used 860209K [0x0000000080000000, 0x00000000b4880000, 0x00000000d5580000)
  object space 860672K, 99% used [0x0000000080000000,0x00000000b480c760,0x00000000b4880000)
 Metaspace       used 78134K, committed 79808K, reserved 1179648K
  class space    used 8298K, committed 9024K, reserved 1048576K
}
Event: 220.789 GC heap after
{Heap after GC invocations=1417 (full 3):
 PSYoungGen      total 6144K, used 250K [0x00000000d5580000, 0x00000000d5c80000, 0x0000000100000000)
  eden space 5632K, 0% used [0x00000000d5580000,0x00000000d5580000,0x00000000d5b00000)
  from space 512K, 48% used [0x00000000d5c00000,0x00000000d5c3e900,0x00000000d5c80000)
  to   space 512K, 0% used [0x00000000d5b80000,0x00000000d5b80000,0x00000000d5c00000)
 ParOldGen       total 860672K, used 860241K [0x0000000080000000, 0x00000000b4880000, 0x00000000d5580000)
  object space 860672K, 99% used [0x0000000080000000,0x00000000b4814760,0x00000000b4880000)
 Metaspace       used 78134K, committed 79808K, reserved 1179648K
  class space    used 8298K, committed 9024K, reserved 1048576K
}
Event: 438.246 GC heap before
{Heap before GC invocations=1418 (full 3):
 PSYoungGen      total 6144K, used 5875K [0x00000000d5580000, 0x00000000d5c80000, 0x0000000100000000)
  eden space 5632K, 99% used [0x00000000d5580000,0x00000000d5afe458,0x00000000d5b00000)
  from space 512K, 48% used [0x00000000d5c00000,0x00000000d5c3e900,0x00000000d5c80000)
  to   space 512K, 0% used [0x00000000d5b80000,0x00000000d5b80000,0x00000000d5c00000)
 ParOldGen       total 860672K, used 860241K [0x0000000080000000, 0x00000000b4880000, 0x00000000d5580000)
  object space 860672K, 99% used [0x0000000080000000,0x00000000b4814760,0x00000000b4880000)
 Metaspace       used 78173K, committed 79936K, reserved 1179648K
  class space    used 8307K, committed 9088K, reserved 1048576K
}
Event: 438.534 GC heap after
{Heap after GC invocations=1418 (full 3):
 PSYoungGen      total 6144K, used 224K [0x00000000d5580000, 0x00000000d5c80000, 0x0000000100000000)
  eden space 5632K, 0% used [0x00000000d5580000,0x00000000d5580000,0x00000000d5b00000)
  from space 512K, 43% used [0x00000000d5b80000,0x00000000d5bb8000,0x00000000d5c00000)
  to   space 512K, 0% used [0x00000000d5c00000,0x00000000d5c00000,0x00000000d5c80000)
 ParOldGen       total 860672K, used 860289K [0x0000000080000000, 0x00000000b4880000, 0x00000000d5580000)
  object space 860672K, 99% used [0x0000000080000000,0x00000000b4820760,0x00000000b4880000)
 Metaspace       used 78173K, committed 79936K, reserved 1179648K
  class space    used 8307K, committed 9088K, reserved 1048576K
}

